<?xml version="1.0" encoding="UTF-8"?>
<!-- Generated by org.testng.reporters.JUnitReportReporter -->
<testsuite hostname="Smiling-star143" failures="0" tests="1" name="TestCases.TestCase02_loginpage" time="3.593" errors="0" timestamp="2025-06-27T13:15:41 IST" skipped="0">
  <testcase classname="TestCases.TestCase02_loginpage" name="login" time="3.593"/>
</testsuite> <!-- TestCases.TestCase02_loginpage -->
