<?xml version="1.0" encoding="UTF-8"?>
<!-- Generated by org.testng.reporters.JUnitReportReporter -->
<testsuite hostname="Smiling-star143" failures="0" tests="1" name="TestCases.TC03_product" time="3.024" errors="0" timestamp="2025-07-03T19:47:14 IST" skipped="0">
  <testcase classname="TestCases.TC03_product" name="products" time="3.024"/>
</testsuite> <!-- TestCases.TC03_product -->
