<?xml version="1.0" encoding="UTF-8"?>
<!-- Generated by org.testng.reporters.JUnitReportReporter -->
<testsuite hostname="Smiling-star143" failures="0" tests="1" name="TestCases.TestCase02_loginpage" time="2.681" errors="0" timestamp="2025-07-03T19:47:14 IST" skipped="0">
  <testcase classname="TestCases.TestCase02_loginpage" name="login" time="2.681"/>
</testsuite> <!-- TestCases.TestCase02_loginpage -->
