<?xml version="1.0" encoding="UTF-8"?>
<!-- Generated by org.testng.reporters.JUnitReportReporter -->
<testsuite hostname="Smiling-star143" failures="0" tests="1" name="TestCases.TC01_registration" time="4.981" errors="0" timestamp="2025-06-27T12:59:40 IST" skipped="0">
  <testcase classname="TestCases.TC01_registration" name="acc_registration" time="4.981"/>
</testsuite> <!-- TestCases.TC01_registration -->
