<?xml version="1.0" encoding="UTF-8"?>
<!-- Generated by org.testng.reporters.JUnitReportReporter -->
<testsuite hostname="Smiling-star143" failures="0" tests="1" name="TestCases.TestCase02_loginpage" time="4.730" errors="0" timestamp="2025-07-01T12:39:29 IST" skipped="0">
  <testcase classname="TestCases.TestCase02_loginpage" name="login" time="4.730"/>
</testsuite> <!-- TestCases.TestCase02_loginpage -->
